GROUP,PACKAGE,CLASS,INSTRUCTION_MISSED,INSTRUCTION_COVERED,BRANCH_MISSED,BRANCH_COVERED,LINE_MISSED,LINE_COVERED,COMPLEXITY_MISSED,COMPLEXITY_COVERED,METHOD_MISSED,METHOD_COVERED
TrailRunnerLabProject,se.kristin,Record,24,45,0,0,11,18,6,6,6,6
TrailRunnerLabProject,se.kristin,TimeConversion,3,44,0,2,1,12,1,7,1,6
TrailRunnerLabProject,se.kristin,Main,7,0,0,0,3,0,2,0,2,0
TrailRunnerLabProject,se.kristin,Calculations,3,185,0,4,1,30,1,12,1,10
TrailRunnerLabProject,se.kristin,FileStorage,42,3,0,0,8,1,5,1,5,1
TrailRunnerLabProject,se.kristin,Runner,19,39,0,0,9,15,5,5,5,5
