<?xml version="1.0" encoding="UTF-8"?>
<testsuite xmlns:xsi="http://www.w3.org/2001/XMLSchema-instance" xsi:noNamespaceSchemaLocation="https://maven.apache.org/surefire/maven-surefire-plugin/xsd/surefire-test-report-3.0.xsd" version="3.0" name="TestRecord" time="0.163" tests="12" errors="0" skipped="0" failures="0">
  <properties>
[...]
</properties>
  <testcase name="testGetRecordByID" classname="TestRecord" time="0.01"/>
  <testcase name="testDeleteRecordByID" classname="TestRecord" time="0.004"/>
  <testcase name="testAvgSpeedKmPerHourIsAutomaticallyCalculatedAndAddedToRecord" classname="TestRecord" time="0.007"/>
  <testcase name="testRecordCreationWithoutDate" classname="TestRecord" time="0.011"/>
  <testcase name="testExceptionWhenTryingToGetRecordWithNonExistingID" classname="TestRecord" time="0.017"/>
  <testcase name="testIDAlreadyExists_staticMethod" classname="TestRecord" time="0.003">
    <system-out><![CDATA[ID already exists
]]></system-out>
  </testcase>
  <testcase name="testAvgSpeedMinPerKmIsAutomaticallyCalculatedAndAddedToRecord" classname="TestRecord" time="0.005"/>
  <testcase name="testExceptionWhenTryingToDeleteRecordWithNonExistingID" classname="TestRecord" time="0.007"/>
  <testcase name="testFullRecordCreation" classname="TestRecord" time="0.002"/>
  <testcase name="testRecordIsNotDeletedWhenWrongIDIsEntered" classname="TestRecord" time="0.002"/>
  <testcase name="testPrintRecordInfo_forThisRecord" classname="TestRecord" time="0.024">
    <system-out><![CDATA[Record ID: ID22
Record Distance: 5.5
Record Time: 300
Record Date: 2025-01-01
Speed (km/h): 66.0
Speed (min/km): 0.9
]]></system-out>
  </testcase>
  <testcase name="testPrintRecordInfo_forAnyRecord" classname="TestRecord" time="0.004">
    <system-out><![CDATA[Record ID: ID22
Record Distance: 5.5
Record Time: 300
Record Date: 2025-01-01
Speed (km/h): 66.0
Speed (min/km): 0.9
]]></system-out>
  </testcase>
</testsuite>